C:\Program Files (x86)\MSBuild\Microsoft.Cpp\v4.0\V140\Microsoft.CppBuild.targets(368,5): warning MSB8004: Output Directory does not end with a trailing slash.  This build instance will add the slash as it is required to allow proper evaluation of the Output Directory.
  Decider.cpp
c:\users\andrew\source\repos\airborne-cps\src\component\Decider.h(5): fatal error C1083: Cannot open include file: 'component/ResolutionConnection.h': No such file or directory
  GaugeRenderer.cpp
c:\users\andrew\source\repos\airborne-cps\src\component\GaugeRenderer.h(5): fatal error C1083: Cannot open include file: 'component/Decider.h': No such file or directory
  NASADecider.cpp
c:\users\andrew\source\repos\airborne-cps\src\component\NASADecider.h(3): fatal error C1083: Cannot open include file: 'component\Decider.h': No such file or directory
  ResolutionConnection.cpp
c:\users\andrew\source\repos\airborne-cps\src\component\ResolutionConnection.h(11): fatal error C1083: Cannot open include file: 'XPLMUtilities.h': No such file or directory
  Transponder.cpp
c:\users\andrew\source\repos\airborne-cps\src\component\Transponder.h(7): fatal error C1083: Cannot open include file: 'component/Decider.h': No such file or directory
  Aircraft.cpp
c:\users\andrew\source\repos\airborne-cps\src\data\Aircraft.h(7): fatal error C1083: Cannot open include file: 'units/Velocity.h': No such file or directory
  location.pb.cc
c:\users\andrew\source\repos\airborne-cps\src\data\location.pb.h(9): fatal error C1083: Cannot open include file: 'google/protobuf/stubs/common.h': No such file or directory
  ExampleGauge.cpp
src\ExampleGauge.cpp(35): fatal error C1083: Cannot open include file: 'XPLMDefs.h': No such file or directory
  Angle.cpp
c:\users\andrew\source\repos\airborne-cps\src\units\Angle.h(3): fatal error C1083: Cannot open include file: 'util/MathUtil.h': No such file or directory
  Distance.cpp
  LLA.cpp
c:\users\andrew\source\repos\airborne-cps\src\units\Angle.h(3): fatal error C1083: Cannot open include file: 'util/MathUtil.h': No such file or directory
  Vec2.cpp
c:\users\andrew\source\repos\airborne-cps\src\units\Vec2.h(3): fatal error C1083: Cannot open include file: 'util/MathUtil.h': No such file or directory
  Vector2.cpp
src\units\Vector2.cpp(1): fatal error C1083: Cannot open include file: 'units\Vector2.h': No such file or directory
  Velocity.cpp
  BMPLoader.cpp
c:\users\andrew\source\repos\airborne-cps\src\util\BMPLoader.h(8): fatal error C1083: Cannot open include file: 'XPLMUtilities.h': No such file or directory
  MathUtil.cpp
  StringUtil.cpp
  Generating Code...
